<?xml version="1.0" encoding="UTF-8"?>
<!-- Generated by org.testng.reporters.JUnitXMLReporter -->
<testsuite hostname="DESKTOP-RE2K7VA" ignored="0" name="Smoke Testcases" tests="6" failures="0" timestamp="17 Jan 2017 21:47:13 GMT" time="0.074" errors="0">
  <testcase name="adminLogIn" time="0.006" classname="test.framework.testngfirst.AnnotationFirst"/>
  <testcase name="flightBooking" time="0.003" classname="test.framework.testngfirst.AnnotationFirst"/>
  <testcase name="logIn" time="0.004" classname="test.framework.testngfirst.AnnotationFirst"/>
  <testcase name="logIn" time="0.001" classname="test.framework.testngfirst.AnnotationFirst"/>
  <testcase name="logIn" time="0.002" classname="test.framework.testngfirst.AnnotationFirst"/>
  <testcase name="openingBrowser" time="0.001" classname="test.framework.testngfirst.AnnotationFirst"/>
</testsuite> <!-- Smoke Testcases -->
