<?xml version="1.0" encoding="UTF-8"?>
<!-- Generated by org.testng.reporters.JUnitXMLReporter -->
<testsuite hostname="DESKTOP-RE2K7VA" ignored="1" name="Default test" tests="2" failures="0" timestamp="17 Jan 2017 04:48:38 GMT" time="0.059" errors="0">
  <testcase name="openingBrowser" time="0.014" classname="test.framework.testng.AnnotationDependency"/>
  <testcase name="flightBooking" time="0.005" classname="test.framework.testng.AnnotationDependency"/>
  <testcase name="payment" time="0.0" classname="test.framework.testng.AnnotationDependency">
    <ignored/>
  </testcase> <!-- payment -->
</testsuite> <!-- Default test -->
